{"@timestamp":"2024-11-01T06:14:33.000Z","winlog":{"channel":"Microsoft-Windows-Sysmon/Operational","event_id":22},"dns":{"question":{"name":"telemetry-cdn-services.biz","type":"A"},"resolved_ip":["203.0.113.87"],"response_code":"NOERROR"},"process":{"name":"dsync.exe","pid":4812},"host":{"name":"WS-IT-LEVI"},"rule":{"name":"dns_query_c2_domain"}}
{"@timestamp":"2024-11-05T06:14:41.100Z","winlog":{"channel":"Microsoft-Windows-Sysmon/Operational","event_id":22},"dns":{"question":{"name":"telemetry-cdn-services.biz","type":"A"},"resolved_ip":["203.0.113.87"],"response_code":"NOERROR"},"process":{"name":"dsync.exe","pid":4812},"host":{"name":"WS-IT-LEVI"},"rule":{"name":"dns_query_c2_domain"}}
{"@timestamp":"2024-11-08T06:14:38.800Z","winlog":{"channel":"Microsoft-Windows-Sysmon/Operational","event_id":22},"dns":{"question":{"name":"telemetry-cdn-services.biz","type":"A"},"resolved_ip":["203.0.113.87"],"response_code":"NOERROR"},"process":{"name":"dsync.exe","pid":4812},"host":{"name":"WS-IT-LEVI"},"rule":{"name":"dns_query_c2_domain"}}
{"@timestamp":"2024-11-11T06:14:40.220Z","winlog":{"channel":"Microsoft-Windows-Sysmon/Operational","event_id":22},"dns":{"question":{"name":"telemetry-cdn-services.biz","type":"A"},"resolved_ip":["203.0.113.87"],"response_code":"NOERROR"},"process":{"name":"dsync.exe","pid":4812},"host":{"name":"WS-IT-LEVI"},"rule":{"name":"dns_query_c2_domain"}}
{"@timestamp":"2024-11-15T16:42:48.330Z","winlog":{"channel":"Microsoft-Windows-Sysmon/Operational","event_id":22},"dns":{"question":{"name":"update-sync-cdn.net","type":"A"},"resolved_ip":["203.0.113.87"],"response_code":"NOERROR"},"process":{"name":"powershell.exe","pid":3784},"host":{"name":"WS-CFO-01"},"rule":{"name":"dns_query_c2_domain_stage2"}}
{"@timestamp":"2024-11-15T16:43:08.100Z","winlog":{"channel":"Microsoft-Windows-Sysmon/Operational","event_id":3},"network":{"direction":"egress","transport":"tcp"},"destination":{"ip":"203.0.113.87","port":443},"source":{"ip":"10.10.1.55","port":49823},"process":{"name":"svchost32.exe","pid":7120},"host":{"name":"WS-CFO-01"},"rule":{"name":"c2_connection"}}
{"@timestamp":"2024-11-15T18:31:02.500Z","winlog":{"channel":"Microsoft-Windows-Sysmon/Operational","event_id":22},"dns":{"question":{"name":"update-sync-cdn.net","type":"A"},"resolved_ip":["203.0.113.87"],"response_code":"NOERROR"},"process":{"name":"svchost.exe","pid":908},"host":{"name":"SERVER-FIN-01"},"rule":{"name":"dns_query_c2_bits_exfil"}}
{"@timestamp":"2024-11-15T18:32:11.888Z","winlog":{"channel":"Microsoft-Windows-Sysmon/Operational","event_id":3},"network":{"direction":"egress","transport":"tcp"},"destination":{"ip":"203.0.113.87","port":443},"source":{"ip":"10.10.2.41","port":53004},"process":{"name":"svchost.exe","pid":908},"host":{"name":"SERVER-FIN-01"},"rule":{"name":"c2_bits_exfil_connection"}}
{"@timestamp":"2024-11-15T18:33:00.100Z","winlog":{"channel":"Microsoft-Windows-Sysmon/Operational","event_id":22},"dns":{"question":{"name":"telemetry-cdn-services.biz","type":"A"},"resolved_ip":["203.0.113.87"],"response_code":"NOERROR"},"process":{"name":"dsync.exe","pid":4812},"host":{"name":"WS-IT-LEVI"},"rule":{"name":"dns_query_c2_domain"}}
